<?xml version="1.0" encoding="UTF-8"?>
<robot generator="Robot 4.1.2 (Python 3.8.10 on linux)" generated="20211214 09:13:00.755" rpa="false" schemaversion="2">
<suite id="s1" name="Test" source="/home/nurul/PycharmProjects/Day7/test.robot">
<test id="s1-t1" name="Open Deriv">
<kw name="Login" library="common">
<arg>${my_email}</arg>
<arg>${my_pw}</arg>
<kw name="Open Browser" library="SeleniumLibrary">
<arg>url=https://app.deriv.com</arg>
<arg>browser=chrome</arg>
<doc>Opens a new browser instance to the optional ``url``.</doc>
<msg timestamp="20211214 09:13:00.838" level="INFO">Opening browser 'chrome' to base url 'https://app.deriv.com'.</msg>
<status status="PASS" starttime="20211214 09:13:00.838" endtime="20211214 09:13:14.235"/>
</kw>
<kw name="Set Window Size" library="SeleniumLibrary">
<arg>1280</arg>
<arg>1028</arg>
<doc>Sets current windows size to given ``width`` and ``height``.</doc>
<status status="PASS" starttime="20211214 09:13:14.236" endtime="20211214 09:13:14.355"/>
</kw>
<kw name="Wait Until Page Does Not Contain Element" library="SeleniumLibrary">
<arg>dt_core_header_acc-info-preloader</arg>
<arg>60</arg>
<doc>Waits until the element ``locator`` disappears from the current page.</doc>
<status status="PASS" starttime="20211214 09:13:14.356" endtime="20211214 09:13:14.369"/>
</kw>
<kw name="Wait Until Page Contains Element" library="SeleniumLibrary">
<arg>${login_button}</arg>
<arg>60</arg>
<doc>Waits until the element ``locator`` appears on the current page.</doc>
<status status="PASS" starttime="20211214 09:13:14.369" endtime="20211214 09:13:14.377"/>
</kw>
<kw name="Click Element" library="SeleniumLibrary">
<arg>${login_button}</arg>
<doc>Click the element identified by ``locator``.</doc>
<msg timestamp="20211214 09:13:14.378" level="INFO">Clicking element 'dt_login_button'.</msg>
<status status="PASS" starttime="20211214 09:13:14.378" endtime="20211214 09:13:14.435"/>
</kw>
<kw name="Wait Until Page Contains Element" library="SeleniumLibrary">
<arg>${email_field}</arg>
<arg>15</arg>
<doc>Waits until the element ``locator`` appears on the current page.</doc>
<status status="PASS" starttime="20211214 09:13:14.435" endtime="20211214 09:13:17.344"/>
</kw>
<kw name="Input Text" library="SeleniumLibrary">
<arg>${email_field}</arg>
<arg>${my_email}</arg>
<doc>Types the given ``text`` into the text field identified by ``locator``.</doc>
<msg timestamp="20211214 09:13:17.345" level="INFO">Typing text 'hanis@besquare.com.my' into text field '//*[@name="email"]'.</msg>
<status status="PASS" starttime="20211214 09:13:17.344" endtime="20211214 09:13:17.393"/>
</kw>
<kw name="Input Text" library="SeleniumLibrary">
<arg>${pw_field}</arg>
<arg>${my_pw}</arg>
<doc>Types the given ``text`` into the text field identified by ``locator``.</doc>
<msg timestamp="20211214 09:13:17.394" level="INFO">Typing text 'Nissoott779?' into text field '//*[@type="password"]'.</msg>
<status status="PASS" starttime="20211214 09:13:17.393" endtime="20211214 09:13:17.441"/>
</kw>
<kw name="Click Element" library="SeleniumLibrary">
<arg>${login_oauth_btn}</arg>
<doc>Click the element identified by ``locator``.</doc>
<msg timestamp="20211214 09:13:17.441" level="INFO">Clicking element '//*[text()="Log in"]'.</msg>
<status status="PASS" starttime="20211214 09:13:17.441" endtime="20211214 09:13:19.851"/>
</kw>
<status status="PASS" starttime="20211214 09:13:00.837" endtime="20211214 09:13:19.851"/>
</kw>
<kw name="AccountSettings" library="common">
<kw name="Wait Until Page Does Not Contain Element" library="SeleniumLibrary">
<arg>dt_core_header_acc-info-preloader</arg>
<arg>60</arg>
<doc>Waits until the element ``locator`` disappears from the current page.</doc>
<status status="PASS" starttime="20211214 09:13:19.852" endtime="20211214 09:13:22.790"/>
</kw>
<kw name="Wait Until Page Contains Element" library="SeleniumLibrary">
<arg>//*[contains(@class, "account-settings-toggle")]</arg>
<arg>30</arg>
<doc>Waits until the element ``locator`` appears on the current page.</doc>
<status status="PASS" starttime="20211214 09:13:22.790" endtime="20211214 09:13:22.798"/>
</kw>
<kw name="Click Element" library="SeleniumLibrary">
<arg>//*[contains(@class, "account-settings-toggle")]</arg>
<doc>Click the element identified by ``locator``.</doc>
<msg timestamp="20211214 09:13:22.798" level="INFO">Clicking element '//*[contains(@class, "account-settings-toggle")]'.</msg>
<status status="PASS" starttime="20211214 09:13:22.798" endtime="20211214 09:13:22.866"/>
</kw>
<kw name="Wait Until Page Does Not Contain Element" library="SeleniumLibrary">
<arg>//*[contains(@class, "initial-loader account__initial-loader")]</arg>
<arg>60</arg>
<doc>Waits until the element ``locator`` disappears from the current page.</doc>
<status status="PASS" starttime="20211214 09:13:22.867" endtime="20211214 09:13:22.877"/>
</kw>
<kw name="Wait Until Page Contains Element" library="SeleniumLibrary">
<arg>dc_api-token_link</arg>
<arg>30</arg>
<doc>Waits until the element ``locator`` appears on the current page.</doc>
<status status="PASS" starttime="20211214 09:13:22.877" endtime="20211214 09:13:25.281"/>
</kw>
<kw name="Click Element" library="SeleniumLibrary">
<arg>dc_api-token_link</arg>
<doc>Click the element identified by ``locator``.</doc>
<msg timestamp="20211214 09:13:25.281" level="INFO">Clicking element 'dc_api-token_link'.</msg>
<status status="PASS" starttime="20211214 09:13:25.281" endtime="20211214 09:13:25.349"/>
</kw>
<kw name="Wait Until Page Does Not Contain Element" library="SeleniumLibrary">
<arg>//*[contains(@class, "initial-loader account__initial-loader")]</arg>
<arg>60</arg>
<doc>Waits until the element ``locator`` disappears from the current page.</doc>
<status status="PASS" starttime="20211214 09:13:25.349" endtime="20211214 09:13:26.203"/>
</kw>
<kw name="Wait Until Element Is Visible" library="SeleniumLibrary">
<arg>//*[contains(@class, "da-api-token")]</arg>
<arg>30</arg>
<doc>Waits until the element ``locator`` is visible.</doc>
<status status="PASS" starttime="20211214 09:13:26.203" endtime="20211214 09:13:26.240"/>
</kw>
<status status="PASS" starttime="20211214 09:13:19.851" endtime="20211214 09:13:26.240"/>
</kw>
<kw name="Checkbox" library="common">
<kw name="Click Element" library="SeleniumLibrary">
<arg>//*[contains(@class, "composite-checkbox api-token__checkbox")]</arg>
<doc>Click the element identified by ``locator``.</doc>
<msg timestamp="20211214 09:13:26.241" level="INFO">Clicking element '//*[contains(@class, "composite-checkbox api-token__checkbox")]'.</msg>
<status status="PASS" starttime="20211214 09:13:26.241" endtime="20211214 09:13:26.287"/>
</kw>
<kw name="Wait Until Element Is Visible" library="SeleniumLibrary">
<arg>//*[contains(@class, "composite-checkbox api-token__checkbox composite-checkbox--active")]</arg>
<doc>Waits until the element ``locator`` is visible.</doc>
<status status="PASS" starttime="20211214 09:13:26.287" endtime="20211214 09:13:26.304"/>
</kw>
<status status="PASS" starttime="20211214 09:13:26.240" endtime="20211214 09:13:26.304"/>
</kw>
<kw name="CreateToken" library="common">
<kw name="Input Text" library="SeleniumLibrary">
<arg>//*[contains(@class, "dc-input__field")]</arg>
<arg>text=token_name_1</arg>
<doc>Types the given ``text`` into the text field identified by ``locator``.</doc>
<msg timestamp="20211214 09:13:26.305" level="INFO">Typing text 'token_name_1' into text field '//*[contains(@class, "dc-input__field")]'.</msg>
<status status="PASS" starttime="20211214 09:13:26.305" endtime="20211214 09:13:26.455"/>
</kw>
<kw name="Wait Until Element Is Visible" library="SeleniumLibrary">
<arg>//*[contains(@class, "dc-btn dc-btn__effect dc-btn--primary dc-btn__large da-api-token__button")]</arg>
<arg>10</arg>
<doc>Waits until the element ``locator`` is visible.</doc>
<status status="PASS" starttime="20211214 09:13:26.455" endtime="20211214 09:13:26.471"/>
</kw>
<kw name="Click Element" library="SeleniumLibrary">
<arg>//*[contains(@class, "dc-btn dc-btn__effect dc-btn--primary dc-btn__large da-api-token__button")]</arg>
<doc>Click the element identified by ``locator``.</doc>
<msg timestamp="20211214 09:13:26.471" level="INFO">Clicking element '//*[contains(@class, "dc-btn dc-btn__effect dc-btn--primary dc-btn__large da-api-token__button")]'.</msg>
<status status="PASS" starttime="20211214 09:13:26.471" endtime="20211214 09:13:26.519"/>
</kw>
<kw name="Wait Until Page Does Not Contain Element" library="SeleniumLibrary">
<arg>//*[contains(@class, "initial-loader initial-loader--btn")]</arg>
<arg>15</arg>
<doc>Waits until the element ``locator`` disappears from the current page.</doc>
<status status="PASS" starttime="20211214 09:13:26.519" endtime="20211214 09:13:27.169"/>
</kw>
<status status="PASS" starttime="20211214 09:13:26.304" endtime="20211214 09:13:27.169"/>
</kw>
<kw name="CopyToken" library="common">
<kw name="Wait Until Element Is Visible" library="SeleniumLibrary">
<arg>//*[contains(@class, "da-api-token__table-cell-row")]</arg>
<arg>15</arg>
<doc>Waits until the element ``locator`` is visible.</doc>
<status status="PASS" starttime="20211214 09:13:27.170" endtime="20211214 09:13:27.187"/>
</kw>
<kw name="Click Element" library="SeleniumLibrary">
<arg>//*[contains(@class, "dc-popover__target")]</arg>
<doc>Click the element identified by ``locator``.</doc>
<msg timestamp="20211214 09:13:27.187" level="INFO">Clicking element '//*[contains(@class, "dc-popover__target")]'.</msg>
<status status="PASS" starttime="20211214 09:13:27.187" endtime="20211214 09:13:27.232"/>
</kw>
<kw name="Wait Until Element Is Visible" library="SeleniumLibrary">
<arg>//*[contains(@class, "dc-popover__target__icon")]</arg>
<arg>15</arg>
<doc>Waits until the element ``locator`` is visible.</doc>
<kw name="Capture Page Screenshot" library="SeleniumLibrary">
<doc>Takes a screenshot of the current page and embeds it into a log file.</doc>
<msg timestamp="20211214 09:13:42.447" level="INFO" html="true">&lt;/td&gt;&lt;/tr&gt;&lt;tr&gt;&lt;td colspan="3"&gt;&lt;a href="selenium-screenshot-23.png"&gt;&lt;img src="selenium-screenshot-23.png" width="800px"&gt;&lt;/a&gt;</msg>
<status status="PASS" starttime="20211214 09:13:42.353" endtime="20211214 09:13:42.447"/>
</kw>
<msg timestamp="20211214 09:13:42.448" level="FAIL">Element '//*[contains(@class, "dc-popover__target__icon")]' not visible after 15 seconds.</msg>
<status status="FAIL" starttime="20211214 09:13:27.232" endtime="20211214 09:13:42.448"/>
</kw>
<status status="FAIL" starttime="20211214 09:13:27.169" endtime="20211214 09:13:42.448"/>
</kw>
<status status="FAIL" starttime="20211214 09:13:00.837" endtime="20211214 09:13:42.448">Element '//*[contains(@class, "dc-popover__target__icon")]' not visible after 15 seconds.</status>
</test>
<status status="FAIL" starttime="20211214 09:13:00.755" endtime="20211214 09:13:42.449"/>
</suite>
<statistics>
<total>
<stat pass="0" fail="1" skip="0">All Tests</stat>
</total>
<tag>
</tag>
<suite>
<stat pass="0" fail="1" skip="0" id="s1" name="Test">Test</stat>
</suite>
</statistics>
<errors>
</errors>
</robot>
